Arguments: 
  C:\Program Files\nodejs\node.exe C:\Users\konovalovan\AppData\Roaming\npm\node_modules\yarn\bin\yarn.js init

PATH: 
  C:\Users\konovalovan\bin;C:\Program Files\Git\mingw64\bin;C:\Program Files\Git\usr\local\bin;C:\Program Files\Git\usr\bin;C:\Program Files\Git\usr\bin;C:\Program Files\Git\mingw64\bin;C:\Program Files\Git\usr\bin;C:\Users\konovalovan\bin;C:\Windows\system32;C:\Windows;C:\Windows\System32\Wbem;C:\Windows\System32\WindowsPowerShell\v1.0;C:\Program Files (x86)\Skype\Phone;C:\Program Files\Git\cmd;C:\Program Files\nodejs;C:\Users\konovalovan\AppData\Local\Programs\Python\Python36-32\Scripts;C:\Users\konovalovan\AppData\Local\Programs\Python\Python36-32;C:\Users\konovalovan\AppData\Local\Programs\Microsoft VS Code\bin;C:\Users\konovalovan\AppData\Roaming\npm;C:\Program Files\Git\usr\bin\vendor_perl;C:\Program Files\Git\usr\bin\core_perl

Yarn version: 
  1.19.0

Node version: 
  10.16.3

Platform: 
  win32 x64

Trace: 
  Error: Can't answer a question unless a user TTY
      at ConsoleReporter.question (C:\Users\konovalovan\AppData\Roaming\npm\node_modules\yarn\lib\cli.js:96632:59)
      at Object.<anonymous> (C:\Users\konovalovan\AppData\Roaming\npm\node_modules\yarn\lib\cli.js:88988:38)
      at Generator.next (<anonymous>)
      at step (C:\Users\konovalovan\AppData\Roaming\npm\node_modules\yarn\lib\cli.js:304:30)
      at C:\Users\konovalovan\AppData\Roaming\npm\node_modules\yarn\lib\cli.js:315:13
      at process._tickCallback (internal/process/next_tick.js:68:7)

npm manifest: 
  No manifest

yarn manifest: 
  No manifest

Lockfile: 
  No lockfile
